<?xml version="1.0" encoding="UTF-8"?>
<testng-results ignored="0" total="1" passed="1" failed="0" skipped="0">
  <reporter-output>
  </reporter-output>
  <suite started-at="2022-02-04T14:10:57 IST" name="Default suite" finished-at="2022-02-04T14:11:00 IST" duration-ms="3083">
    <groups>
    </groups>
    <test started-at="2022-02-04T14:10:57 IST" name="Default test" finished-at="2022-02-04T14:11:00 IST" duration-ms="3083">
      <class name="assignment2.PUT">
        <test-method signature="test_1()[pri:0, instance:assignment2.PUT@123ef382]" started-at="2022-02-04T14:10:57 IST" name="test_1" finished-at="2022-02-04T14:11:00 IST" duration-ms="3028" status="PASS">
          <reporter-output>
          </reporter-output>
        </test-method> <!-- test_1 -->
      </class> <!-- assignment2.PUT -->
    </test> <!-- Default test -->
  </suite> <!-- Default suite -->
</testng-results>
